[2019-03-21 16:06:59 +0530] [8468] [INFO] Starting gunicorn 19.9.0
[2019-03-21 16:06:59 +0530] [8468] [INFO] Listening at: http://0.0.0.0:5010 (8468)
[2019-03-21 16:06:59 +0530] [8468] [INFO] Using worker: sync
[2019-03-21 16:06:59 +0530] [8471] [INFO] Booting worker with pid: 8471
WARNING: Logging before flag parsing goes to stderr.
W0321 16:07:00.642221 140162798163712 __init__.py:56] Some hub symbols are not available because TensorFlow version is less than 1.14
Failed to find application object 'app' in 'app'
[2019-03-21 16:07:00 +0530] [8471] [INFO] Worker exiting (pid: 8471)
[2019-03-21 16:07:00 +0530] [8468] [INFO] Shutting down: Master
[2019-03-21 16:07:00 +0530] [8468] [INFO] Reason: App failed to load.
[2019-03-21 16:07:25 +0530] [8499] [INFO] Starting gunicorn 19.9.0
[2019-03-21 16:07:25 +0530] [8499] [INFO] Listening at: http://0.0.0.0:5010 (8499)
[2019-03-21 16:07:25 +0530] [8499] [INFO] Using worker: sync
[2019-03-21 16:07:25 +0530] [8502] [INFO] Booting worker with pid: 8502
WARNING: Logging before flag parsing goes to stderr.
W0321 16:07:26.500031 140427602401024 __init__.py:56] Some hub symbols are not available because TensorFlow version is less than 1.14
Init called -----``````~~~~~~
WARNING:tensorflow:From /var/www/similarity/sentenceSimilarity/venv/lib/python3.5/site-packages/tensorflow/python/ops/control_flow_ops.py:3632: colocate_with (from tensorflow.python.framework.ops) is deprecated and will be removed in a future version.
Instructions for updating:
Colocations handled automatically by placer.
W0321 16:07:27.788117 140427602401024 deprecation.py:323] From /var/www/similarity/sentenceSimilarity/venv/lib/python3.5/site-packages/tensorflow/python/ops/control_flow_ops.py:3632: colocate_with (from tensorflow.python.framework.ops) is deprecated and will be removed in a future version.
Instructions for updating:
Colocations handled automatically by placer.
2019-03-21 16:07:28.454529: I tensorflow/core/platform/cpu_feature_guard.cc:141] Your CPU supports instructions that this TensorFlow binary was not compiled to use: AVX2 AVX512F FMA
2019-03-21 16:07:28.461868: I tensorflow/core/platform/profile_utils/cpu_utils.cc:94] CPU Frequency: 2000155000 Hz
2019-03-21 16:07:28.462673: I tensorflow/compiler/xla/service/service.cc:150] XLA service 0x6328570 executing computations on platform Host. Devices:
2019-03-21 16:07:28.462724: I tensorflow/compiler/xla/service/service.cc:158]   StreamExecutor device (0): <undefined>, <undefined>
I love you
I like you
Parsing done after: 0.00047469139099121094
Embedding done after: 1.7078962326049805
Inner product done after: 1.7080466747283936
I love you
I like you
Parsing done after: 0.0004885196685791016
Embedding done after: 0.03745102882385254
Inner product done after: 0.03755378723144531
I love you
I like you
Parsing done after: 0.0003895759582519531
Embedding done after: 0.04067659378051758
Inner product done after: 0.04079747200012207
I love you
I like you
Parsing done after: 0.0003864765167236328
Embedding done after: 0.03824758529663086
Inner product done after: 0.038343191146850586
[2019-03-21 16:07:45 +0530] [8499] [INFO] Handling signal: int
[2019-03-21 16:07:45 +0530] [8502] [INFO] Worker exiting (pid: 8502)
[2019-03-21 16:07:46 +0530] [8499] [INFO] Shutting down: Master
